Waf: Entering directory `/mnt/nvme0n1p6/Klasorler/Dersler/BitirmeProje/ns-3.27/build'
Waf: Leaving directory `/mnt/nvme0n1p6/Klasorler/Dersler/BitirmeProje/ns-3.27/build'
Build commands will be stored in build/compile_commands.json
'build' finished successfully (1.936s)

Modules built:
antenna                   aodv                      applications              
bridge                    buildings                 config-store              
core                      csma                      csma-layout               
dsdv                      dsr                       energy                    
fd-net-device             flow-monitor              internet                  
internet-apps             lr-wpan                   lte                       
mesh                      mobility                  mpi                       
netanim (no Python)       network                   nix-vector-routing        
olsr                      point-to-point            point-to-point-layout     
propagation               sixlowpan                 spectrum                  
stats                     tap-bridge                test (no Python)          
topology-read             traffic-control           uan                       
virtual-net-device        wave                      wifi                      
wimax                     

Modules not built (see ns-3 tutorial for explanation):
brite                     click                     openflow                  
visualizer                

